<?xml version="1.0" encoding="UTF-8"?>
<testng-results ignored="0" total="2" passed="2" failed="0" skipped="0">
  <reporter-output>
  </reporter-output>
  <suite started-at="2020-10-03T23:05:10Z" name="example suite 1" finished-at="2020-10-03T23:05:38Z" duration-ms="28201">
    <groups>
    </groups>
    <test started-at="2020-10-03T23:05:10Z" name="Sanity" finished-at="2020-10-03T23:05:38Z" duration-ms="28201">
      <class name="tests.FormsTest">
        <test-method is-config="true" signature="setup()[pri:0, instance:tests.FormsTest@610f7aa]" started-at="2020-10-03T23:05:10Z" name="setup" finished-at="2020-10-03T23:05:27Z" duration-ms="17939" status="PASS">
          <reporter-output>
          </reporter-output>
        </test-method> <!-- setup -->
        <test-method signature="test00_moveToForms()[pri:0, instance:tests.FormsTest@610f7aa]" started-at="2020-10-03T23:05:28Z" name="test00_moveToForms" finished-at="2020-10-03T23:05:30Z" duration-ms="2135" status="PASS">
          <reporter-output>
          </reporter-output>
        </test-method> <!-- test00_moveToForms -->
        <test-method is-config="true" signature="failedTest(org.testng.ITestResult)[pri:0, instance:tests.FormsTest@610f7aa]" started-at="2020-10-03T23:05:30Z" name="failedTest" finished-at="2020-10-03T23:05:30Z" duration-ms="5" status="PASS">
          <params>
            <param index="0">
              <value>
                <![CDATA[[TestResult name=test00_moveToForms status=SUCCESS method=FormsTest.test00_moveToForms()[pri:0, instance:tests.FormsTest@610f7aa] output={null}]]]>
              </value>
            </param>
          </params>
          <reporter-output>
          </reporter-output>
        </test-method> <!-- failedTest -->
        <test-method signature="test01_practiceFormsTest()[pri:0, instance:tests.FormsTest@610f7aa]" started-at="2020-10-03T23:05:30Z" name="test01_practiceFormsTest" finished-at="2020-10-03T23:05:37Z" duration-ms="6988" status="PASS">
          <reporter-output>
          </reporter-output>
        </test-method> <!-- test01_practiceFormsTest -->
        <test-method is-config="true" signature="failedTest(org.testng.ITestResult)[pri:0, instance:tests.FormsTest@610f7aa]" started-at="2020-10-03T23:05:37Z" name="failedTest" finished-at="2020-10-03T23:05:37Z" duration-ms="0" status="PASS">
          <params>
            <param index="0">
              <value>
                <![CDATA[[TestResult name=test01_practiceFormsTest status=SUCCESS method=FormsTest.test01_practiceFormsTest()[pri:0, instance:tests.FormsTest@610f7aa] output={null}]]]>
              </value>
            </param>
          </params>
          <reporter-output>
          </reporter-output>
        </test-method> <!-- failedTest -->
        <test-method is-config="true" signature="tearDown()[pri:0, instance:tests.FormsTest@610f7aa]" started-at="2020-10-03T23:05:37Z" name="tearDown" finished-at="2020-10-03T23:05:38Z" duration-ms="1068" status="PASS">
          <reporter-output>
          </reporter-output>
        </test-method> <!-- tearDown -->
      </class> <!-- tests.FormsTest -->
    </test> <!-- Sanity -->
  </suite> <!-- example suite 1 -->
</testng-results>
