<?xml version="1.0" encoding="UTF-8"?>
<testsuite xmlns:xsi="http://www.w3.org/2001/XMLSchema-instance" xsi:noNamespaceSchemaLocation="https://maven.apache.org/surefire/maven-surefire-plugin/xsd/surefire-test-report.xsd" name="TestSuite" time="22.544" tests="2" errors="0" skipped="0" failures="0">
  <properties>
[...]
</properties>
  <testcase name="test00_moveToForms" classname="tests.FormsTest" time="1.847"/>
  <testcase name="test01_practiceFormsTest" classname="tests.FormsTest" time="6.722"/>
</testsuite>